#
# There is insufficient memory for the Java Runtime Environment to continue.
# Native memory allocation (malloc) failed to allocate 1338576 bytes for Chunk::new
# Possible reasons:
#   The system is out of physical RAM or swap space
#   In 32 bit mode, the process size limit was hit
# Possible solutions:
#   Reduce memory load on the system
#   Increase physical memory or swap space
#   Check if swap backing store is full
#   Use 64 bit Java on a 64 bit OS
#   Decrease Java heap size (-Xmx/-Xms)
#   Decrease number of Java threads
#   Decrease Java thread stack sizes (-Xss)
#   Set larger code cache with -XX:ReservedCodeCacheSize=
# This output file may be truncated or incomplete.
#
#  Out of Memory Error (allocation.cpp:390), pid=20488, tid=0x0000000000002dc8
#
# JRE version: Java(TM) SE Runtime Environment (8.0_172-b11) (build 1.8.0_172-b11)
# Java VM: Java HotSpot(TM) 64-Bit Server VM (25.172-b11 mixed mode windows-amd64 compressed oops)
# Failed to write core dump. Minidumps are not enabled by default on client versions of Windows
#

---------------  T H R E A D  ---------------

Current thread (0x0000000017eb2800):  JavaThread "C2 CompilerThread2" daemon [_thread_in_native, id=11720, stack(0x0000000018870000,0x0000000018970000)]

Stack: [0x0000000018870000,0x0000000018970000]
[error occurred during error reporting (printing stack bounds), id 0xc0000005]

Native frames: (J=compiled Java code, j=interpreted, Vv=VM code, C=native code)


Current CompileTask:
C2:   1186 1697   !   4       com.android.dx.cf.code.RopperMachine::run (1550 bytes)


---------------  P R O C E S S  ---------------

Java Threads: ( => current thread )
  0x0000000018172800 JavaThread "pool-2-thread-1" [_thread_blocked, id=12708, stack(0x0000000019570000,0x0000000019670000)]
  0x0000000018204800 JavaThread "pool-1-thread-1" [_thread_in_Java, id=22116, stack(0x0000000019470000,0x0000000019570000)]
  0x0000000017edf000 JavaThread "Service Thread" daemon [_thread_blocked, id=20920, stack(0x0000000018a70000,0x0000000018b70000)]
  0x0000000017eb9800 JavaThread "C1 CompilerThread3" daemon [_thread_in_native, id=14048, stack(0x0000000018970000,0x0000000018a70000)]
=>0x0000000017eb2800 JavaThread "C2 CompilerThread2" daemon [_thread_in_native, id=11720, stack(0x0000000018870000,0x0000000018970000)]
  0x0000000017eb2000 JavaThread "C2 CompilerThread1" daemon [_thread_in_native, id=13028, stack(0x0000000018770000,0x0000000018870000)]
  0x0000000017eac000 JavaThread "C2 CompilerThread0" daemon [_thread_in_native, id=2888, stack(0x0000000018670000,0x0000000018770000)]
  0x0000000017eaa000 JavaThread "Attach Listener" daemon [_thread_blocked, id=25292, stack(0x0000000018570000,0x0000000018670000)]
  0x0000000015fce800 JavaThread "Signal Dispatcher" daemon [_thread_blocked, id=23388, stack(0x0000000018470000,0x0000000018570000)]
  0x0000000017ea0800 JavaThread "Finalizer" daemon [_thread_blocked, id=24532, stack(0x0000000018280000,0x0000000018380000)]
  0x0000000003498800 JavaThread "Reference Handler" daemon [_thread_blocked, id=22484, stack(0x0000000017d80000,0x0000000017e80000)]
  0x00000000033a2800 JavaThread "main" [_thread_in_Java, id=21388, stack(0x0000000003280000,0x0000000003380000)]

Other Threads:
  0x0000000015fb9800 VMThread [stack: 0x0000000017c80000,0x0000000017d80000] [id=10944]
  0x0000000017ee1000 WatcherThread [stack: 0x0000000018b70000,0x0000000018c70000] [id=14172]

VM state:not at safepoint (normal execution)

VM Mutex/Monitor currently owned by a thread: None

Heap:
 PSYoungGen      total 140800K, used 111765K [0x00000000eab00000, 0x00000000f3f00000, 0x0000000100000000)
  eden space 130048K, 77% used [0x00000000eab00000,0x00000000f0daa7a8,0x00000000f2a00000)
  from space 10752K, 99% used [0x00000000f3480000,0x00000000f3efaf18,0x00000000f3f00000)
  to   space 10752K, 0% used [0x00000000f2a00000,0x00000000f2a00000,0x00000000f3480000)
 ParOldGen       total 173568K, used 12193K [0x00000000c0000000, 0x00000000ca980000, 0x00000000eab00000)
  object space 173568K, 7% used [0x00000000c0000000,0x00000000c0be8788,0x00000000ca980000)
 Metaspace       used 6574K, capacity 7192K, committed 7424K, reserved 1056768K
  class space    used 637K, capacity 656K, committed 768K, reserved 1048576K

Card table byte_map: [0x0000000012860000,0x0000000012a70000] byte_map_base: 0x0000000012260000

Marking Bits: (ParMarkBitMap*) 0x000000005b623c10
 Begin Bits: [0x00000000133d0000, 0x00000000143d0000)
 End Bits:   [0x00000000143d0000, 0x00000000153d0000)

Polling page: 0x00000000030f0000

CodeCache: size=245760Kb used=7761Kb max_used=7761Kb free=237998Kb
 bounds [0x00000000034a0000, 0x0000000003c40000, 0x00000000124a0000]
 total_blobs=2193 nmethods=1922 adapters=183
 compilation: enabled

Compilation events (10 events):
Event: 1.175 Thread 0x0000000017eb9800 nmethod 1983 0x0000000003c24310 code [0x0000000003c24480, 0x0000000003c24788]
Event: 1.176 Thread 0x0000000017eb9800 1984       2       java.io.DataInputStream::<init> (30 bytes)
Event: 1.176 Thread 0x0000000017eb9800 nmethod 1984 0x0000000003c31cd0 code [0x0000000003c31e40, 0x0000000003c32170]
Event: 1.176 Thread 0x0000000017eb9800 1985       2       com.android.dx.util.ByteArray::makeDataInputStream (12 bytes)
Event: 1.176 Thread 0x0000000017eb9800 nmethod 1985 0x0000000003c32250 code [0x0000000003c323c0, 0x0000000003c327d0]
Event: 1.177 Thread 0x0000000017eb9800 1986       2       com.android.dx.rop.code.Rops::opReturn (89 bytes)
Event: 1.178 Thread 0x0000000017eb9800 nmethod 1986 0x0000000003c32950 code [0x0000000003c32b20, 0x0000000003c33018]
Event: 1.178 Thread 0x0000000017eb9800 1987       2       com.android.dx.cf.attrib.AttInnerClasses::byteLength (14 bytes)
Event: 1.178 Thread 0x0000000017eb9800 nmethod 1987 0x0000000003be2710 code [0x0000000003be2860, 0x0000000003be29d0]
Event: 1.180 Thread 0x0000000017eb9800 1988   !   2       com.android.dx.cf.cst.ConstantPoolParser::parse0 (731 bytes)

GC Heap History (4 events):
Event: 0.581 GC heap before
{Heap before GC invocations=1 (full 0):
 PSYoungGen      total 75776K, used 65024K [0x00000000eab00000, 0x00000000eff80000, 0x0000000100000000)
  eden space 65024K, 100% used [0x00000000eab00000,0x00000000eea80000,0x00000000eea80000)
  from space 10752K, 0% used [0x00000000ef500000,0x00000000ef500000,0x00000000eff80000)
  to   space 10752K, 0% used [0x00000000eea80000,0x00000000eea80000,0x00000000ef500000)
 ParOldGen       total 173568K, used 0K [0x00000000c0000000, 0x00000000ca980000, 0x00000000eab00000)
  object space 173568K, 0% used [0x00000000c0000000,0x00000000c0000000,0x00000000ca980000)
 Metaspace       used 6148K, capacity 7000K, committed 7168K, reserved 1056768K
  class space    used 601K, capacity 656K, committed 768K, reserved 1048576K
Event: 0.600 GC heap after
Heap after GC invocations=1 (full 0):
 PSYoungGen      total 75776K, used 10739K [0x00000000eab00000, 0x00000000f3f00000, 0x0000000100000000)
  eden space 65024K, 0% used [0x00000000eab00000,0x00000000eab00000,0x00000000eea80000)
  from space 10752K, 99% used [0x00000000eea80000,0x00000000ef4fcc28,0x00000000ef500000)
  to   space 10752K, 0% used [0x00000000f3480000,0x00000000f3480000,0x00000000f3f00000)
 ParOldGen       total 173568K, used 602K [0x00000000c0000000, 0x00000000ca980000, 0x00000000eab00000)
  object space 173568K, 0% used [0x00000000c0000000,0x00000000c00968c8,0x00000000ca980000)
 Metaspace       used 6148K, capacity 7000K, committed 7168K, reserved 1056768K
  class space    used 601K, capacity 656K, committed 768K, reserved 1048576K
}
Event: 0.846 GC heap before
{Heap before GC invocations=2 (full 0):
 PSYoungGen      total 75776K, used 75763K [0x00000000eab00000, 0x00000000f3f00000, 0x0000000100000000)
  eden space 65024K, 100% used [0x00000000eab00000,0x00000000eea80000,0x00000000eea80000)
  from space 10752K, 99% used [0x00000000eea80000,0x00000000ef4fcc28,0x00000000ef500000)
  to   space 10752K, 0% used [0x00000000f3480000,0x00000000f3480000,0x00000000f3f00000)
 ParOldGen       total 173568K, used 602K [0x00000000c0000000, 0x00000000ca980000, 0x00000000eab00000)
  object space 173568K, 0% used [0x00000000c0000000,0x00000000c00968c8,0x00000000ca980000)
 Metaspace       used 6293K, capacity 7128K, committed 7424K, reserved 1056768K
  class space    used 602K, capacity 656K, committed 768K, reserved 1048576K
Event: 0.863 GC heap after
Heap after GC invocations=2 (full 0):
 PSYoungGen      total 140800K, used 10731K [0x00000000eab00000, 0x00000000f3f00000, 0x0000000100000000)
  eden space 130048K, 0% used [0x00000000eab00000,0x00000000eab00000,0x00000000f2a00000)
  from space 10752K, 99% used [0x00000000f3480000,0x00000000f3efaf18,0x00000000f3f00000)
  to   space 10752K, 0% used [0x00000000f2a00000,0x00000000f2a00000,0x00000000f3480000)
 ParOldGen       total 173568K, used 12193K [0x00000000c0000000, 0x00000000ca980000, 0x00000000eab00000)
  object space 173568K, 7% used [0x00000000c0000000,0x00000000c0be8788,0x00000000ca980000)
 Metaspace       used 6293K, capacity 7128K, committed 7424K, reserved 1056768K
  class space    used 602K, capacity 656K, committed 768K, reserved 1048576K
}

Deoptimization events (10 events):
Event: 1.065 Thread 0x0000000018204800 Uncommon trap: reason=unstable_if action=reinterpret pc=0x0000000003aea4b4 method=java.util.HashMap.putVal(ILjava/lang/Object;Ljava/lang/Object;ZZ)Ljava/lang/Object; @ 162
Event: 1.069 Thread 0x00000000033a2800 Uncommon trap: reason=class_check action=maybe_recompile pc=0x0000000003a7e3e4 method=com.android.dx.ssa.SsaMethod.mapRegisters(Lcom/android/dx/ssa/RegisterMapper;)V @ 53
Event: 1.075 Thread 0x00000000033a2800 Uncommon trap: reason=unstable_if action=reinterpret pc=0x0000000003adf994 method=com.android.dx.ssa.LiteralOpUpgrader$1.visitNonMoveInsn(Lcom/android/dx/ssa/NormalSsaInsn;)V @ 151
Event: 1.100 Thread 0x0000000018204800 Uncommon trap: reason=class_check action=maybe_recompile pc=0x0000000003816c74 method=com.android.dx.ssa.NormalSsaInsn.accept(Lcom/android/dx/ssa/SsaInsn$Visitor;)V @ 9
Event: 1.100 Thread 0x0000000018204800 Uncommon trap: reason=class_check action=maybe_recompile pc=0x00000000036de4b0 method=com.android.dx.ssa.NormalSsaInsn.accept(Lcom/android/dx/ssa/SsaInsn$Visitor;)V @ 9
Event: 1.101 Thread 0x0000000018204800 Uncommon trap: reason=class_check action=maybe_recompile pc=0x0000000003816c74 method=com.android.dx.ssa.NormalSsaInsn.accept(Lcom/android/dx/ssa/SsaInsn$Visitor;)V @ 9
Event: 1.102 Thread 0x0000000018204800 Uncommon trap: reason=class_check action=maybe_recompile pc=0x00000000036de4b0 method=com.android.dx.ssa.NormalSsaInsn.accept(Lcom/android/dx/ssa/SsaInsn$Visitor;)V @ 9
Event: 1.102 Thread 0x0000000018204800 Uncommon trap: reason=class_check action=maybe_recompile pc=0x00000000036eb194 method=com.android.dx.ssa.NormalSsaInsn.accept(Lcom/android/dx/ssa/SsaInsn$Visitor;)V @ 9
Event: 1.121 Thread 0x0000000018204800 Uncommon trap: reason=null_check action=make_not_entrant pc=0x0000000003762068 method=com.android.dx.rop.type.Type.equals(Ljava/lang/Object;)Z @ 8
Event: 1.180 Thread 0x00000000033a2800 Uncommon trap: reason=unloaded action=reinterpret pc=0x0000000003c02a8c method=com.android.dx.cf.cst.ConstantPoolParser.parse0(ILjava/util/BitSet;)Lcom/android/dx/rop/cst/Constant; @ 475

Classes redefined (0 events):
No events

Internal exceptions (6 events):
Event: 0.025 Thread 0x00000000033a2800 Exception <a 'java/lang/NoSuchMethodError': Method sun.misc.Unsafe.defineClass(Ljava/lang/String;[BII)Ljava/lang/Class; name or signature does not match> (0x00000000eab07cb0) thrown at [C:\re\workspace\8-2-build-windows-amd64-cygwin\jdk8u172\10810\hotspot
Event: 0.025 Thread 0x00000000033a2800 Exception <a 'java/lang/NoSuchMethodError': Method sun.misc.Unsafe.prefetchRead(Ljava/lang/Object;J)V name or signature does not match> (0x00000000eab07f98) thrown at [C:\re\workspace\8-2-build-windows-amd64-cygwin\jdk8u172\10810\hotspot\src\share\vm\prim
Event: 1.067 Thread 0x0000000018204800 Exception <a 'java/lang/ArrayIndexOutOfBoundsException': 18> (0x00000000ef1319a8) thrown at [C:\re\workspace\8-2-build-windows-amd64-cygwin\jdk8u172\10810\hotspot\src\share\vm\interpreter\interpreterRuntime.cpp, line 366]
Event: 1.067 Thread 0x0000000018204800 Exception <a 'java/lang/ArrayIndexOutOfBoundsException': 145> (0x00000000ef133528) thrown at [C:\re\workspace\8-2-build-windows-amd64-cygwin\jdk8u172\10810\hotspot\src\share\vm\interpreter\interpreterRuntime.cpp, line 366]
Event: 1.068 Thread 0x0000000018204800 Exception <a 'java/lang/ArrayIndexOutOfBoundsException': 40> (0x00000000ef134810) thrown at [C:\re\workspace\8-2-build-windows-amd64-cygwin\jdk8u172\10810\hotspot\src\share\vm\interpreter\interpreterRuntime.cpp, line 366]
Event: 1.121 Thread 0x0000000018204800 Implicit null exception at 0x0000000003761f62 to 0x000000000376205a

Events (10 events):
Event: 1.102 Thread 0x0000000018204800 DEOPT UNPACKING pc=0x00000000034e583b sp=0x000000001956e410 mode 2
Event: 1.102 Thread 0x0000000018204800 Uncommon trap: trap_request=0xffffffde fr.pc=0x00000000036eb194
Event: 1.102 Thread 0x0000000018204800 DEOPT PACKING pc=0x00000000036eb194 sp=0x000000001956e4e0
Event: 1.102 Thread 0x0000000018204800 DEOPT UNPACKING pc=0x00000000034e583b sp=0x000000001956e430 mode 2
Event: 1.121 Thread 0x0000000018204800 Uncommon trap: trap_request=0xfffffff4 fr.pc=0x0000000003762068
Event: 1.121 Thread 0x0000000018204800 DEOPT PACKING pc=0x0000000003762068 sp=0x000000001956e390
Event: 1.121 Thread 0x0000000018204800 DEOPT UNPACKING pc=0x00000000034e583b sp=0x000000001956e318 mode 2
Event: 1.180 Thread 0x00000000033a2800 Uncommon trap: trap_request=0x00000040 fr.pc=0x0000000003c02a8c
Event: 1.180 Thread 0x00000000033a2800 DEOPT PACKING pc=0x0000000003c02a8c sp=0x000000000337e930
Event: 1.180 Thread 0x00000000033a2800 DEOPT UNPACKING pc=0x00000000034e583b sp=0x000000000337e980 mode 2


Dynamic libraries:
0x00007ff72ace0000 - 0x00007ff72ad17000 	C:\Program Files\Java\jdk1.8.0_172\bin\java.exe
0x00007ff808af0000 - 0x00007ff808cd1000 	C:\WINDOWS\SYSTEM32\ntdll.dll
0x00007ff806a10000 - 0x00007ff806ac2000 	C:\WINDOWS\System32\KERNEL32.DLL
0x00007ff805470000 - 0x00007ff8056e3000 	C:\WINDOWS\System32\KERNELBASE.dll
0x00007ff805fb0000 - 0x00007ff806051000 	C:\WINDOWS\System32\ADVAPI32.dll
0x00007ff806970000 - 0x00007ff806a0e000 	C:\WINDOWS\System32\msvcrt.dll
0x00007ff806ad0000 - 0x00007ff806b2b000 	C:\WINDOWS\System32\sechost.dll
0x00007ff806060000 - 0x00007ff806184000 	C:\WINDOWS\System32\RPCRT4.dll
0x00007ff8067e0000 - 0x00007ff806970000 	C:\WINDOWS\System32\USER32.dll
0x00007ff805100000 - 0x00007ff805120000 	C:\WINDOWS\System32\win32u.dll
0x00007ff808400000 - 0x00007ff808428000 	C:\WINDOWS\System32\GDI32.dll
0x00007ff804f60000 - 0x00007ff8050f2000 	C:\WINDOWS\System32\gdi32full.dll
0x00007ff804ec0000 - 0x00007ff804f5f000 	C:\WINDOWS\System32\msvcp_win.dll
0x00007ff805770000 - 0x00007ff80586a000 	C:\WINDOWS\System32\ucrtbase.dll
0x00007ffff68f0000 - 0x00007ffff6b59000 	C:\WINDOWS\WinSxS\amd64_microsoft.windows.common-controls_6595b64144ccf1df_6.0.17134.165_none_fb429645306569ac\COMCTL32.dll
0x00007ff8080d0000 - 0x00007ff8083f3000 	C:\WINDOWS\System32\combase.dll
0x00007ff8056f0000 - 0x00007ff80576a000 	C:\WINDOWS\System32\bcryptPrimitives.dll
0x00007ff805f80000 - 0x00007ff805fad000 	C:\WINDOWS\System32\IMM32.DLL
0x000000005b6b0000 - 0x000000005b782000 	C:\Program Files\Java\jdk1.8.0_172\jre\bin\msvcr100.dll
0x000000005ae00000 - 0x000000005b6a3000 	C:\Program Files\Java\jdk1.8.0_172\jre\bin\server\jvm.dll
0x00007ff806400000 - 0x00007ff806408000 	C:\WINDOWS\System32\PSAPI.DLL
0x00007ffff8e80000 - 0x00007ffff8e89000 	C:\WINDOWS\SYSTEM32\WSOCK32.dll
0x00007ffffa5d0000 - 0x00007ffffa5f3000 	C:\WINDOWS\SYSTEM32\WINMM.dll
0x00007ff806500000 - 0x00007ff80656c000 	C:\WINDOWS\System32\WS2_32.dll
0x00007ff802d70000 - 0x00007ff802d7a000 	C:\WINDOWS\SYSTEM32\VERSION.dll
0x00007ffff9310000 - 0x00007ffff933a000 	C:\WINDOWS\SYSTEM32\WINMMBASE.dll
0x00007ff805370000 - 0x00007ff8053b9000 	C:\WINDOWS\System32\cfgmgr32.dll
0x000000005adf0000 - 0x000000005adff000 	C:\Program Files\Java\jdk1.8.0_172\jre\bin\verify.dll
0x000000005adc0000 - 0x000000005ade9000 	C:\Program Files\Java\jdk1.8.0_172\jre\bin\java.dll
0x000000005ada0000 - 0x000000005adb6000 	C:\Program Files\Java\jdk1.8.0_172\jre\bin\zip.dll
0x00007ff806c90000 - 0x00007ff8080d0000 	C:\WINDOWS\System32\SHELL32.dll
0x00007ff8061f0000 - 0x00007ff806299000 	C:\WINDOWS\System32\shcore.dll
0x00007ff805870000 - 0x00007ff805f7d000 	C:\WINDOWS\System32\windows.storage.dll
0x00007ff806bd0000 - 0x00007ff806c21000 	C:\WINDOWS\System32\shlwapi.dll
0x00007ff804e80000 - 0x00007ff804e91000 	C:\WINDOWS\System32\kernel.appcore.dll
0x00007ff804ea0000 - 0x00007ff804ebf000 	C:\WINDOWS\System32\profapi.dll
0x00007ff804e30000 - 0x00007ff804e7c000 	C:\WINDOWS\System32\powrprof.dll
0x00007ff804e20000 - 0x00007ff804e2a000 	C:\WINDOWS\System32\FLTLIB.DLL

VM Arguments:
jvm_args: -Xmx1G 
java_command: C:\Program Files (x86)\Android\android-sdk\build-tools\25.0.3\\lib\dx.jar --dex --no-strict --output obj\Debug\android\bin C:\Users\Nathan\source\repos\Operation Update Application\Operation Update Application\obj\Debug\android\bin\classes.zip C:\Program Files (x86)\Microsoft Visual Studio\2017\Community\Common7\IDE\ReferenceAssemblies\Microsoft\Framework\MonoAndroid\v8.1\mono.android.jar obj\Debug\lp\1\jl\arch-core-common.jar obj\Debug\lp\10\jl\bin\classes.jar obj\Debug\lp\11\jl\bin\classes.jar obj\Debug\lp\12\jl\bin\classes.jar obj\Debug\lp\13\jl\bin\classes.jar obj\Debug\lp\14\jl\bin\classes.jar obj\Debug\lp\15\jl\bin\classes.jar obj\Debug\lp\2\jl\arch-lifecycle-common.jar obj\Debug\lp\3\jl\bin\classes.jar obj\Debug\lp\4\jl\bin\classes.jar obj\Debug\lp\6\jl\bin\classes.jar obj\Debug\lp\7\jl\bin\classes.jar obj\Debug\lp\8\jl\bin\classes.jar obj\Debug\lp\9\jl\bin\classes.jar
java_class_path (initial): C:\Program Files (x86)\Android\android-sdk\build-tools\25.0.3\\lib\dx.jar
Launcher Type: SUN_STANDARD

Environment Variables:
JAVA_HOME=C:\Program Files (x86)\Java\jdk1.8.0_172
PATH=C:\Program Files (x86)\Microsoft SDKs\Azure\CLI2\wbin;C:\ProgramData\Oracle\Java\javapath;C:\Program Files (x86)\Intel\iCLS Client\;C:\Program Files\Intel\iCLS Client\;C:\Windows\system32;C:\Windows;C:\Windows\System32\Wbem;C:\Windows\System32\WindowsPowerShell\v1.0\;C:\Program Files\Intel\Intel(R) Management Engine Components\DAL;C:\Program Files (x86)\Intel\Intel(R) Management Engine Components\DAL;C:\Program Files\Intel\Intel(R) Management Engine Components\IPT;C:\Program Files (x86)\Intel\Intel(R) Management Engine Components\IPT;C:\Program Files\Microsoft SQL Server\110\Tools\Binn\;C:\Program Files\Microsoft SQL Server\120\Tools\Binn\;C:\WINDOWS\system32;C:\WINDOWS;C:\WINDOWS\System32\Wbem;C:\WINDOWS\System32\WindowsPowerShell\v1.0\;C:\Program Files (x86)\NVIDIA Corporation\PhysX\Common;C:\Program Files (x86)\Calibre2\;C:\Python27;C:\Program Files (x86)\GtkSharp\2.12\bin;C:\Program Files\Git\cmd;C:\Program Files\TortoiseGit\bin;C:\WINDOWS\System32\OpenSSH\;C:\Program Files\Microsoft SQL Server\130\Tools\Binn\;C:\Program Files\dotnet\;C:\Users\Nathan\AppData\Local\Microsoft\WindowsApps;C:\Users\Nathan\AppData\Local\GitHubDesktop\bin
USERNAME=Nathan
OS=Windows_NT
PROCESSOR_IDENTIFIER=Intel64 Family 6 Model 60 Stepping 3, GenuineIntel



---------------  S Y S T E M  ---------------

OS: Windows 10.0 , 64 bit Build 17134 (10.0.17134.1)

CPU:total 8 (initial active 8) (4 cores per cpu, 2 threads per core) family 6 model 60 stepping 3, cmov, cx8, fxsr, mmx, sse, sse2, sse3, ssse3, sse4.1, sse4.2, popcnt, avx, avx2, aes, clmul, erms, lzcnt, ht, tsc, tscinvbit, bmi1, bmi2

Memory: 4k page, physical 16643688k(5431172k free), swap 19715688k(5368k free)

vm_info: Java HotSpot(TM) 64-Bit Server VM (25.172-b11) for windows-amd64 JRE (1.8.0_172-b11), built on Mar 28 2018 21:21:52 by "java_re" with MS VC++ 10.0 (VS2010)

time: Wed Jul 18 21:51:50 2018
elapsed time: 1 seconds (0d 0h 0m 1s)

