#
# There is insufficient memory for the Java Runtime Environment to continue.
# Native memory allocation (malloc) failed to allocate 950496 bytes for Chunk::new
# Possible reasons:
#   The system is out of physical RAM or swap space
#   In 32 bit mode, the process size limit was hit
# Possible solutions:
#   Reduce memory load on the system
#   Increase physical memory or swap space
#   Check if swap backing store is full
#   Use 64 bit Java on a 64 bit OS
#   Decrease Java heap size (-Xmx/-Xms)
#   Decrease number of Java threads
#   Decrease Java thread stack sizes (-Xss)
#   Set larger code cache with -XX:ReservedCodeCacheSize=
# This output file may be truncated or incomplete.
#
#  Out of Memory Error (allocation.cpp:390), pid=13296, tid=0x0000000000005e74
#
# JRE version: Java(TM) SE Runtime Environment (8.0_172-b11) (build 1.8.0_172-b11)
# Java VM: Java HotSpot(TM) 64-Bit Server VM (25.172-b11 mixed mode windows-amd64 compressed oops)
# Failed to write core dump. Minidumps are not enabled by default on client versions of Windows
#

---------------  T H R E A D  ---------------

Current thread (0x0000000017c41800):  JavaThread "C2 CompilerThread1" daemon [_thread_in_native, id=24180, stack(0x0000000018500000,0x0000000018600000)]

Stack: [0x0000000018500000,0x0000000018600000]
[error occurred during error reporting (printing stack bounds), id 0xc0000005]

Native frames: (J=compiled Java code, j=interpreted, Vv=VM code, C=native code)


Current CompileTask:
C2:   1726 2101       4       com.android.dx.ssa.SsaRenamer$BlockRenamer::process (191 bytes)


---------------  P R O C E S S  ---------------

Java Threads: ( => current thread )
  0x0000000017f31800 JavaThread "pool-2-thread-1" [_thread_blocked, id=1092, stack(0x0000000019300000,0x0000000019400000)]
  0x0000000017f39000 JavaThread "pool-1-thread-1" [_thread_blocked, id=17916, stack(0x0000000019200000,0x0000000019300000)]
  0x0000000017ccb800 JavaThread "Service Thread" daemon [_thread_blocked, id=7104, stack(0x0000000018800000,0x0000000018900000)]
  0x0000000017c4c000 JavaThread "C1 CompilerThread3" daemon [_thread_blocked, id=16352, stack(0x0000000018700000,0x0000000018800000)]
  0x0000000017c46000 JavaThread "C2 CompilerThread2" daemon [_thread_in_native, id=25032, stack(0x0000000018600000,0x0000000018700000)]
=>0x0000000017c41800 JavaThread "C2 CompilerThread1" daemon [_thread_in_native, id=24180, stack(0x0000000018500000,0x0000000018600000)]
  0x0000000017c3b800 JavaThread "C2 CompilerThread0" daemon [_thread_in_native, id=24220, stack(0x0000000018400000,0x0000000018500000)]
  0x0000000017c39000 JavaThread "Attach Listener" daemon [_thread_blocked, id=2916, stack(0x0000000018300000,0x0000000018400000)]
  0x0000000017c38800 JavaThread "Signal Dispatcher" daemon [_thread_blocked, id=13708, stack(0x0000000018200000,0x0000000018300000)]
  0x0000000017c30800 JavaThread "Finalizer" daemon [_thread_blocked, id=19780, stack(0x0000000018010000,0x0000000018110000)]
  0x0000000003209000 JavaThread "Reference Handler" daemon [_thread_blocked, id=17144, stack(0x0000000017b10000,0x0000000017c10000)]
  0x0000000003112800 JavaThread "main" [_thread_in_Java, id=18660, stack(0x0000000003010000,0x0000000003110000)]

Other Threads:
  0x0000000015d28800 VMThread [stack: 0x0000000017a10000,0x0000000017b10000] [id=16420]
  0x0000000017cfd800 WatcherThread [stack: 0x0000000018900000,0x0000000018a00000] [id=17832]

VM state:not at safepoint (normal execution)

VM Mutex/Monitor currently owned by a thread: None

Heap:
 PSYoungGen      total 140800K, used 74943K [0x00000000eab00000, 0x00000000f3f00000, 0x0000000100000000)
  eden space 130048K, 49% used [0x00000000eab00000,0x00000000ee9b38a0,0x00000000f2a00000)
  from space 10752K, 99% used [0x00000000f2a00000,0x00000000f347c538,0x00000000f3480000)
  to   space 10752K, 0% used [0x00000000f3480000,0x00000000f3480000,0x00000000f3f00000)
 ParOldGen       total 173568K, used 34935K [0x00000000c0000000, 0x00000000ca980000, 0x00000000eab00000)
  object space 173568K, 20% used [0x00000000c0000000,0x00000000c221de18,0x00000000ca980000)
 Metaspace       used 6601K, capacity 7256K, committed 7424K, reserved 1056768K
  class space    used 637K, capacity 656K, committed 768K, reserved 1048576K

Card table byte_map: [0x00000000125d0000,0x00000000127e0000] byte_map_base: 0x0000000011fd0000

Marking Bits: (ParMarkBitMap*) 0x000000005b623c10
 Begin Bits: [0x0000000013140000, 0x0000000014140000)
 End Bits:   [0x0000000014140000, 0x0000000015140000)

Polling page: 0x0000000001110000

CodeCache: size=245760Kb used=8593Kb max_used=8593Kb free=237166Kb
 bounds [0x0000000003210000, 0x0000000003a80000, 0x0000000012210000]
 total_blobs=2330 nmethods=2059 adapters=183
 compilation: enabled

Compilation events (10 events):
Event: 1.704 Thread 0x0000000017c4c000 2130       2       com.android.dx.rop.code.Rops::opGetStatic (97 bytes)
Event: 1.705 Thread 0x0000000017c4c000 nmethod 2130 0x0000000003a790d0 code [0x0000000003a792a0, 0x0000000003a79818]
Event: 1.717 Thread 0x0000000017c4c000 2131 %     3       com.android.dx.ssa.SsaBasicBlock::newFromRop @ 58 (183 bytes)
Event: 1.719 Thread 0x0000000017c4c000 nmethod 2131% 0x0000000003a7bb50 code [0x0000000003a7be60, 0x0000000003a7dd88]
Event: 1.719 Thread 0x0000000017c4c000 2132       2       java.nio.file.attribute.FileTime::from (18 bytes)
Event: 1.719 Thread 0x0000000017c4c000 nmethod 2132 0x0000000003a78bd0 code [0x0000000003a78d40, 0x0000000003a78fa8]
Event: 1.719 Thread 0x0000000017c4c000 2133       2       java.nio.file.attribute.FileTime::<init> (21 bytes)
Event: 1.719 Thread 0x0000000017c4c000 nmethod 2133 0x0000000003a65d50 code [0x0000000003a65ea0, 0x0000000003a66010]
Event: 1.721 Thread 0x0000000017c4c000 2134       2       com.android.dx.util.ByteArray$MyInputStream::available (13 bytes)
Event: 1.721 Thread 0x0000000017c4c000 nmethod 2134 0x0000000003a78890 code [0x0000000003a789e0, 0x0000000003a78b30]

GC Heap History (6 events):
Event: 0.693 GC heap before
{Heap before GC invocations=1 (full 0):
 PSYoungGen      total 75776K, used 65024K [0x00000000eab00000, 0x00000000eff80000, 0x0000000100000000)
  eden space 65024K, 100% used [0x00000000eab00000,0x00000000eea80000,0x00000000eea80000)
  from space 10752K, 0% used [0x00000000ef500000,0x00000000ef500000,0x00000000eff80000)
  to   space 10752K, 0% used [0x00000000eea80000,0x00000000eea80000,0x00000000ef500000)
 ParOldGen       total 173568K, used 0K [0x00000000c0000000, 0x00000000ca980000, 0x00000000eab00000)
  object space 173568K, 0% used [0x00000000c0000000,0x00000000c0000000,0x00000000ca980000)
 Metaspace       used 6152K, capacity 7000K, committed 7168K, reserved 1056768K
  class space    used 601K, capacity 656K, committed 768K, reserved 1048576K
Event: 0.707 GC heap after
Heap after GC invocations=1 (full 0):
 PSYoungGen      total 75776K, used 10737K [0x00000000eab00000, 0x00000000f3f00000, 0x0000000100000000)
  eden space 65024K, 0% used [0x00000000eab00000,0x00000000eab00000,0x00000000eea80000)
  from space 10752K, 99% used [0x00000000eea80000,0x00000000ef4fc4e8,0x00000000ef500000)
  to   space 10752K, 0% used [0x00000000f3480000,0x00000000f3480000,0x00000000f3f00000)
 ParOldGen       total 173568K, used 633K [0x00000000c0000000, 0x00000000ca980000, 0x00000000eab00000)
  object space 173568K, 0% used [0x00000000c0000000,0x00000000c009e5e0,0x00000000ca980000)
 Metaspace       used 6152K, capacity 7000K, committed 7168K, reserved 1056768K
  class space    used 601K, capacity 656K, committed 768K, reserved 1048576K
}
Event: 0.954 GC heap before
{Heap before GC invocations=2 (full 0):
 PSYoungGen      total 75776K, used 75761K [0x00000000eab00000, 0x00000000f3f00000, 0x0000000100000000)
  eden space 65024K, 100% used [0x00000000eab00000,0x00000000eea80000,0x00000000eea80000)
  from space 10752K, 99% used [0x00000000eea80000,0x00000000ef4fc4e8,0x00000000ef500000)
  to   space 10752K, 0% used [0x00000000f3480000,0x00000000f3480000,0x00000000f3f00000)
 ParOldGen       total 173568K, used 633K [0x00000000c0000000, 0x00000000ca980000, 0x00000000eab00000)
  object space 173568K, 0% used [0x00000000c0000000,0x00000000c009e5e0,0x00000000ca980000)
 Metaspace       used 6276K, capacity 7064K, committed 7424K, reserved 1056768K
  class space    used 602K, capacity 656K, committed 768K, reserved 1048576K
Event: 0.969 GC heap after
Heap after GC invocations=2 (full 0):
 PSYoungGen      total 140800K, used 10725K [0x00000000eab00000, 0x00000000f3f00000, 0x0000000100000000)
  eden space 130048K, 0% used [0x00000000eab00000,0x00000000eab00000,0x00000000f2a00000)
  from space 10752K, 99% used [0x00000000f3480000,0x00000000f3ef9598,0x00000000f3f00000)
  to   space 10752K, 0% used [0x00000000f2a00000,0x00000000f2a00000,0x00000000f3480000)
 ParOldGen       total 173568K, used 11942K [0x00000000c0000000, 0x00000000ca980000, 0x00000000eab00000)
  object space 173568K, 6% used [0x00000000c0000000,0x00000000c0ba9bc0,0x00000000ca980000)
 Metaspace       used 6276K, capacity 7064K, committed 7424K, reserved 1056768K
  class space    used 602K, capacity 656K, committed 768K, reserved 1048576K
}
Event: 1.484 GC heap before
{Heap before GC invocations=3 (full 0):
 PSYoungGen      total 140800K, used 140773K [0x00000000eab00000, 0x00000000f3f00000, 0x0000000100000000)
  eden space 130048K, 100% used [0x00000000eab00000,0x00000000f2a00000,0x00000000f2a00000)
  from space 10752K, 99% used [0x00000000f3480000,0x00000000f3ef9598,0x00000000f3f00000)
  to   space 10752K, 0% used [0x00000000f2a00000,0x00000000f2a00000,0x00000000f3480000)
 ParOldGen       total 173568K, used 11942K [0x00000000c0000000, 0x00000000ca980000, 0x00000000eab00000)
  object space 173568K, 6% used [0x00000000c0000000,0x00000000c0ba9bc0,0x00000000ca980000)
 Metaspace       used 6576K, capacity 7192K, committed 7424K, reserved 1056768K
  class space    used 637K, capacity 656K, committed 768K, reserved 1048576K
Event: 1.524 GC heap after
Heap after GC invocations=3 (full 0):
 PSYoungGen      total 140800K, used 10737K [0x00000000eab00000, 0x00000000f3f00000, 0x0000000100000000)
  eden space 130048K, 0% used [0x00000000eab00000,0x00000000eab00000,0x00000000f2a00000)
  from space 10752K, 99% used [0x00000000f2a00000,0x00000000f347c538,0x00000000f3480000)
  to   space 10752K, 0% used [0x00000000f3480000,0x00000000f3480000,0x00000000f3f00000)
 ParOldGen       total 173568K, used 34935K [0x00000000c0000000, 0x00000000ca980000, 0x00000000eab00000)
  object space 173568K, 20% used [0x00000000c0000000,0x00000000c221de18,0x00000000ca980000)
 Metaspace       used 6576K, capacity 7192K, committed 7424K, reserved 1056768K
  class space    used 637K, capacity 656K, committed 768K, reserved 1048576K
}

Deoptimization events (10 events):
Event: 1.470 Thread 0x0000000003112800 Uncommon trap: reason=bimorphic action=maybe_recompile pc=0x00000000039b3878 method=java.util.HashMap.getNode(ILjava/lang/Object;)Ljava/util/HashMap$Node; @ 126
Event: 1.470 Thread 0x0000000003112800 Uncommon trap: reason=bimorphic action=maybe_recompile pc=0x000000000387d8f8 method=java.util.HashMap.getNode(ILjava/lang/Object;)Ljava/util/HashMap$Node; @ 126
Event: 1.470 Thread 0x0000000003112800 Uncommon trap: reason=bimorphic action=maybe_recompile pc=0x00000000039b3878 method=java.util.HashMap.getNode(ILjava/lang/Object;)Ljava/util/HashMap$Node; @ 126
Event: 1.538 Thread 0x0000000003112800 Uncommon trap: reason=unstable_if action=reinterpret pc=0x0000000003a237ac method=com.android.dx.ssa.SCCP.simulateStmt(Lcom/android/dx/ssa/SsaInsn;)V @ 469
Event: 1.597 Thread 0x0000000017f39000 Uncommon trap: reason=unstable_if action=reinterpret pc=0x0000000003a3b63c method=com.android.dx.util.IntList.binarysearch(I)I @ 105
Event: 1.598 Thread 0x0000000017f39000 Uncommon trap: reason=unstable_if action=reinterpret pc=0x000000000392078c method=com.android.dx.ssa.SsaBasicBlock.newFromRop(Lcom/android/dx/rop/code/RopMethod;ILcom/android/dx/ssa/SsaMethod;)Lcom/android/dx/ssa/SsaBasicBlock; @ 164
Event: 1.609 Thread 0x0000000017f39000 Uncommon trap: reason=class_check action=maybe_recompile pc=0x0000000003a2fdc4 method=com.android.dx.ssa.SCCP.simulatePhi(Lcom/android/dx/ssa/PhiInsn;)V @ 124
Event: 1.616 Thread 0x0000000003112800 Uncommon trap: reason=unstable_if action=reinterpret pc=0x0000000003a694bc method=com.android.dx.ssa.LiteralOpUpgrader.tryReplacingWithConstant(Lcom/android/dx/ssa/NormalSsaInsn;)Z @ 30
Event: 1.659 Thread 0x0000000003112800 Uncommon trap: reason=unstable_if action=reinterpret pc=0x0000000003a1abc0 method=com.android.dx.rop.code.RegisterSpecSet.put(Lcom/android/dx/rop/code/RegisterSpec;)V @ 77
Event: 1.690 Thread 0x0000000017f39000 Uncommon trap: reason=class_check action=maybe_recompile pc=0x0000000003a2fdc4 method=com.android.dx.ssa.SCCP.simulatePhi(Lcom/android/dx/ssa/PhiInsn;)V @ 124

Classes redefined (0 events):
No events

Internal exceptions (6 events):
Event: 0.037 Thread 0x0000000003112800 Exception <a 'java/lang/NoSuchMethodError': Method sun.misc.Unsafe.defineClass(Ljava/lang/String;[BII)Ljava/lang/Class; name or signature does not match> (0x00000000eab07cb0) thrown at [C:\re\workspace\8-2-build-windows-amd64-cygwin\jdk8u172\10810\hotspot
Event: 0.037 Thread 0x0000000003112800 Exception <a 'java/lang/NoSuchMethodError': Method sun.misc.Unsafe.prefetchRead(Ljava/lang/Object;J)V name or signature does not match> (0x00000000eab07f98) thrown at [C:\re\workspace\8-2-build-windows-amd64-cygwin\jdk8u172\10810\hotspot\src\share\vm\prim
Event: 1.223 Thread 0x0000000017f39000 Exception <a 'java/lang/ArrayIndexOutOfBoundsException': 18> (0x00000000eeec81a0) thrown at [C:\re\workspace\8-2-build-windows-amd64-cygwin\jdk8u172\10810\hotspot\src\share\vm\interpreter\interpreterRuntime.cpp, line 366]
Event: 1.223 Thread 0x0000000017f39000 Exception <a 'java/lang/ArrayIndexOutOfBoundsException': 145> (0x00000000eeec9d20) thrown at [C:\re\workspace\8-2-build-windows-amd64-cygwin\jdk8u172\10810\hotspot\src\share\vm\interpreter\interpreterRuntime.cpp, line 366]
Event: 1.225 Thread 0x0000000017f39000 Exception <a 'java/lang/ArrayIndexOutOfBoundsException'> (0x00000000eeecb008) thrown at [C:\re\workspace\8-2-build-windows-amd64-cygwin\jdk8u172\10810\hotspot\src\share\vm\runtime\sharedRuntime.cpp, line 605]
Event: 1.286 Thread 0x0000000017f39000 Implicit null exception at 0x00000000034a8d22 to 0x00000000034a8e1a

Events (10 events):
Event: 1.659 Thread 0x0000000003112800 DEOPT UNPACKING pc=0x000000000325583b sp=0x000000000310e310 mode 2
Event: 1.661 Thread 0x0000000017f39000 DEOPT PACKING pc=0x000000000388e172 sp=0x00000000192fe970
Event: 1.661 Thread 0x0000000017f39000 DEOPT UNPACKING pc=0x0000000003257890 sp=0x00000000192fe758 mode 0
Event: 1.671 Thread 0x0000000017f39000 DEOPT PACKING pc=0x000000000388e172 sp=0x00000000192fe970
Event: 1.671 Thread 0x0000000017f39000 DEOPT UNPACKING pc=0x0000000003257890 sp=0x00000000192fe758 mode 0
Event: 1.679 Thread 0x0000000003112800 DEOPT PACKING pc=0x000000000388e172 sp=0x000000000310e350
Event: 1.679 Thread 0x0000000003112800 DEOPT UNPACKING pc=0x0000000003257890 sp=0x000000000310e138 mode 0
Event: 1.690 Thread 0x0000000017f39000 Uncommon trap: trap_request=0xffffffde fr.pc=0x0000000003a2fdc4
Event: 1.690 Thread 0x0000000017f39000 DEOPT PACKING pc=0x0000000003a2fdc4 sp=0x00000000192fea30
Event: 1.690 Thread 0x0000000017f39000 DEOPT UNPACKING pc=0x000000000325583b sp=0x00000000192fe9c8 mode 2


Dynamic libraries:
0x00007ff72ace0000 - 0x00007ff72ad17000 	C:\Program Files\Java\jdk1.8.0_172\bin\java.exe
0x00007ff808af0000 - 0x00007ff808cd1000 	C:\WINDOWS\SYSTEM32\ntdll.dll
0x00007ff806a10000 - 0x00007ff806ac2000 	C:\WINDOWS\System32\KERNEL32.DLL
0x00007ff805470000 - 0x00007ff8056e3000 	C:\WINDOWS\System32\KERNELBASE.dll
0x00007ff805fb0000 - 0x00007ff806051000 	C:\WINDOWS\System32\ADVAPI32.dll
0x00007ff806970000 - 0x00007ff806a0e000 	C:\WINDOWS\System32\msvcrt.dll
0x00007ff806ad0000 - 0x00007ff806b2b000 	C:\WINDOWS\System32\sechost.dll
0x00007ff806060000 - 0x00007ff806184000 	C:\WINDOWS\System32\RPCRT4.dll
0x00007ff8067e0000 - 0x00007ff806970000 	C:\WINDOWS\System32\USER32.dll
0x00007ff805100000 - 0x00007ff805120000 	C:\WINDOWS\System32\win32u.dll
0x00007ff808400000 - 0x00007ff808428000 	C:\WINDOWS\System32\GDI32.dll
0x00007ff804f60000 - 0x00007ff8050f2000 	C:\WINDOWS\System32\gdi32full.dll
0x00007ff804ec0000 - 0x00007ff804f5f000 	C:\WINDOWS\System32\msvcp_win.dll
0x00007ff805770000 - 0x00007ff80586a000 	C:\WINDOWS\System32\ucrtbase.dll
0x00007ffff68f0000 - 0x00007ffff6b59000 	C:\WINDOWS\WinSxS\amd64_microsoft.windows.common-controls_6595b64144ccf1df_6.0.17134.165_none_fb429645306569ac\COMCTL32.dll
0x00007ff8080d0000 - 0x00007ff8083f3000 	C:\WINDOWS\System32\combase.dll
0x00007ff8056f0000 - 0x00007ff80576a000 	C:\WINDOWS\System32\bcryptPrimitives.dll
0x00007ff805f80000 - 0x00007ff805fad000 	C:\WINDOWS\System32\IMM32.DLL
0x000000005b6b0000 - 0x000000005b782000 	C:\Program Files\Java\jdk1.8.0_172\jre\bin\msvcr100.dll
0x000000005ae00000 - 0x000000005b6a3000 	C:\Program Files\Java\jdk1.8.0_172\jre\bin\server\jvm.dll
0x00007ff806400000 - 0x00007ff806408000 	C:\WINDOWS\System32\PSAPI.DLL
0x00007ffff8e80000 - 0x00007ffff8e89000 	C:\WINDOWS\SYSTEM32\WSOCK32.dll
0x00007ffffa5d0000 - 0x00007ffffa5f3000 	C:\WINDOWS\SYSTEM32\WINMM.dll
0x00007ff802d70000 - 0x00007ff802d7a000 	C:\WINDOWS\SYSTEM32\VERSION.dll
0x00007ff806500000 - 0x00007ff80656c000 	C:\WINDOWS\System32\WS2_32.dll
0x00007ffff9310000 - 0x00007ffff933a000 	C:\WINDOWS\SYSTEM32\WINMMBASE.dll
0x00007ff805370000 - 0x00007ff8053b9000 	C:\WINDOWS\System32\cfgmgr32.dll
0x000000005adf0000 - 0x000000005adff000 	C:\Program Files\Java\jdk1.8.0_172\jre\bin\verify.dll
0x000000005adc0000 - 0x000000005ade9000 	C:\Program Files\Java\jdk1.8.0_172\jre\bin\java.dll
0x000000005ada0000 - 0x000000005adb6000 	C:\Program Files\Java\jdk1.8.0_172\jre\bin\zip.dll
0x00007ff806c90000 - 0x00007ff8080d0000 	C:\WINDOWS\System32\SHELL32.dll
0x00007ff8061f0000 - 0x00007ff806299000 	C:\WINDOWS\System32\shcore.dll
0x00007ff805870000 - 0x00007ff805f7d000 	C:\WINDOWS\System32\windows.storage.dll
0x00007ff806bd0000 - 0x00007ff806c21000 	C:\WINDOWS\System32\shlwapi.dll
0x00007ff804e80000 - 0x00007ff804e91000 	C:\WINDOWS\System32\kernel.appcore.dll
0x00007ff804ea0000 - 0x00007ff804ebf000 	C:\WINDOWS\System32\profapi.dll
0x00007ff804e30000 - 0x00007ff804e7c000 	C:\WINDOWS\System32\powrprof.dll
0x00007ff804e20000 - 0x00007ff804e2a000 	C:\WINDOWS\System32\FLTLIB.DLL

VM Arguments:
jvm_args: -Xmx1G 
java_command: C:\Program Files (x86)\Android\android-sdk\build-tools\25.0.3\\lib\dx.jar --dex --no-strict --output obj\Debug\android\bin C:\Users\Nathan\source\repos\Operation Update Application\Operation Update Application\obj\Debug\android\bin\classes.zip C:\Program Files (x86)\Microsoft Visual Studio\2017\Community\Common7\IDE\ReferenceAssemblies\Microsoft\Framework\MonoAndroid\v8.1\mono.android.jar obj\Debug\lp\1\jl\arch-core-common.jar obj\Debug\lp\10\jl\bin\classes.jar obj\Debug\lp\11\jl\bin\classes.jar obj\Debug\lp\12\jl\bin\classes.jar obj\Debug\lp\13\jl\bin\classes.jar obj\Debug\lp\14\jl\bin\classes.jar obj\Debug\lp\15\jl\bin\classes.jar obj\Debug\lp\2\jl\arch-lifecycle-common.jar obj\Debug\lp\3\jl\bin\classes.jar obj\Debug\lp\4\jl\bin\classes.jar obj\Debug\lp\6\jl\bin\classes.jar obj\Debug\lp\7\jl\bin\classes.jar obj\Debug\lp\8\jl\bin\classes.jar obj\Debug\lp\9\jl\bin\classes.jar
java_class_path (initial): C:\Program Files (x86)\Android\android-sdk\build-tools\25.0.3\\lib\dx.jar
Launcher Type: SUN_STANDARD

Environment Variables:
JAVA_HOME=C:\Program Files (x86)\Java\jdk1.8.0_172
PATH=C:\Program Files (x86)\Microsoft SDKs\Azure\CLI2\wbin;C:\ProgramData\Oracle\Java\javapath;C:\Program Files (x86)\Intel\iCLS Client\;C:\Program Files\Intel\iCLS Client\;C:\Windows\system32;C:\Windows;C:\Windows\System32\Wbem;C:\Windows\System32\WindowsPowerShell\v1.0\;C:\Program Files\Intel\Intel(R) Management Engine Components\DAL;C:\Program Files (x86)\Intel\Intel(R) Management Engine Components\DAL;C:\Program Files\Intel\Intel(R) Management Engine Components\IPT;C:\Program Files (x86)\Intel\Intel(R) Management Engine Components\IPT;C:\Program Files\Microsoft SQL Server\110\Tools\Binn\;C:\Program Files\Microsoft SQL Server\120\Tools\Binn\;C:\WINDOWS\system32;C:\WINDOWS;C:\WINDOWS\System32\Wbem;C:\WINDOWS\System32\WindowsPowerShell\v1.0\;C:\Program Files (x86)\NVIDIA Corporation\PhysX\Common;C:\Program Files (x86)\Calibre2\;C:\Python27;C:\Program Files (x86)\GtkSharp\2.12\bin;C:\Program Files\Git\cmd;C:\Program Files\TortoiseGit\bin;C:\WINDOWS\System32\OpenSSH\;C:\Program Files\Microsoft SQL Server\130\Tools\Binn\;C:\Program Files\dotnet\;C:\Users\Nathan\AppData\Local\Microsoft\WindowsApps;C:\Users\Nathan\AppData\Local\GitHubDesktop\bin
USERNAME=Nathan
OS=Windows_NT
PROCESSOR_IDENTIFIER=Intel64 Family 6 Model 60 Stepping 3, GenuineIntel



---------------  S Y S T E M  ---------------

OS: Windows 10.0 , 64 bit Build 17134 (10.0.17134.1)

CPU:total 8 (initial active 8) (4 cores per cpu, 2 threads per core) family 6 model 60 stepping 3, cmov, cx8, fxsr, mmx, sse, sse2, sse3, ssse3, sse4.1, sse4.2, popcnt, avx, avx2, aes, clmul, erms, lzcnt, ht, tsc, tscinvbit, bmi1, bmi2

Memory: 4k page, physical 16643688k(5176620k free), swap 19715688k(4048k free)

vm_info: Java HotSpot(TM) 64-Bit Server VM (25.172-b11) for windows-amd64 JRE (1.8.0_172-b11), built on Mar 28 2018 21:21:52 by "java_re" with MS VC++ 10.0 (VS2010)

time: Wed Jul 18 21:48:06 2018
elapsed time: 1 seconds (0d 0h 0m 1s)

