#
# There is insufficient memory for the Java Runtime Environment to continue.
# Native memory allocation (malloc) failed to allocate 1551328 bytes for Chunk::new
# Possible reasons:
#   The system is out of physical RAM or swap space
#   In 32 bit mode, the process size limit was hit
# Possible solutions:
#   Reduce memory load on the system
#   Increase physical memory or swap space
#   Check if swap backing store is full
#   Use 64 bit Java on a 64 bit OS
#   Decrease Java heap size (-Xmx/-Xms)
#   Decrease number of Java threads
#   Decrease Java thread stack sizes (-Xss)
#   Set larger code cache with -XX:ReservedCodeCacheSize=
# This output file may be truncated or incomplete.
#
#  Out of Memory Error (allocation.cpp:390), pid=24516, tid=0x00000000000066f4
#
# JRE version: Java(TM) SE Runtime Environment (8.0_172-b11) (build 1.8.0_172-b11)
# Java VM: Java HotSpot(TM) 64-Bit Server VM (25.172-b11 mixed mode windows-amd64 compressed oops)
# Failed to write core dump. Minidumps are not enabled by default on client versions of Windows
#

---------------  T H R E A D  ---------------

Current thread (0x00000000179df000):  JavaThread "C2 CompilerThread0" daemon [_thread_in_native, id=26356, stack(0x00000000181a0000,0x00000000182a0000)]

Stack: [0x00000000181a0000,0x00000000182a0000]
[error occurred during error reporting (printing stack bounds), id 0xc0000005]

Native frames: (J=compiled Java code, j=interpreted, Vv=VM code, C=native code)


Current CompileTask:
C2:   2772 2251       4       com.android.dx.rop.code.LocalVariableExtractor::processBlock (327 bytes)


---------------  P R O C E S S  ---------------

Java Threads: ( => current thread )
  0x0000000017d9a000 JavaThread "pool-2-thread-1" [_thread_blocked, id=18552, stack(0x00000000188a0000,0x00000000189a0000)]
  0x0000000017d99800 JavaThread "pool-1-thread-1" [_thread_in_Java, id=24368, stack(0x00000000187a0000,0x00000000188a0000)]
  0x0000000017a75800 JavaThread "Service Thread" daemon [_thread_blocked, id=7488, stack(0x00000000185a0000,0x00000000186a0000)]
  0x00000000179ee000 JavaThread "C1 CompilerThread3" daemon [_thread_blocked, id=3432, stack(0x00000000184a0000,0x00000000185a0000)]
  0x00000000179ea800 JavaThread "C2 CompilerThread2" daemon [_thread_in_native, id=24944, stack(0x00000000183a0000,0x00000000184a0000)]
  0x00000000179e3000 JavaThread "C2 CompilerThread1" daemon [_thread_in_native, id=19516, stack(0x00000000182a0000,0x00000000183a0000)]
=>0x00000000179df000 JavaThread "C2 CompilerThread0" daemon [_thread_in_native, id=26356, stack(0x00000000181a0000,0x00000000182a0000)]
  0x00000000179d9000 JavaThread "Attach Listener" daemon [_thread_blocked, id=24528, stack(0x00000000180a0000,0x00000000181a0000)]
  0x00000000179d8000 JavaThread "Signal Dispatcher" daemon [_thread_blocked, id=24308, stack(0x0000000017fa0000,0x00000000180a0000)]
  0x00000000179d0800 JavaThread "Finalizer" daemon [_thread_blocked, id=16352, stack(0x0000000017db0000,0x0000000017eb0000)]
  0x0000000002f99000 JavaThread "Reference Handler" daemon [_thread_blocked, id=20364, stack(0x00000000178b0000,0x00000000179b0000)]
  0x0000000002ea2800 JavaThread "main" [_thread_in_Java, id=25204, stack(0x0000000002ce0000,0x0000000002de0000)]

Other Threads:
  0x0000000015ab9800 VMThread [stack: 0x00000000177b0000,0x00000000178b0000] [id=24580]
  0x0000000017aa7800 WatcherThread [stack: 0x00000000186a0000,0x00000000187a0000] [id=7876]

VM state:not at safepoint (normal execution)

VM Mutex/Monitor currently owned by a thread: None

Heap:
 PSYoungGen      total 270848K, used 125026K [0x00000000eab00000, 0x0000000100000000, 0x0000000100000000)
  eden space 260096K, 43% used [0x00000000eab00000,0x00000000f1a9bf90,0x00000000fa900000)
  from space 10752K, 99% used [0x00000000fa900000,0x00000000fb37cb90,0x00000000fb380000)
  to   space 54784K, 0% used [0x00000000fca80000,0x00000000fca80000,0x0000000100000000)
 ParOldGen       total 173568K, used 92365K [0x00000000c0000000, 0x00000000ca980000, 0x00000000eab00000)
  object space 173568K, 53% used [0x00000000c0000000,0x00000000c5a33430,0x00000000ca980000)
 Metaspace       used 6667K, capacity 7256K, committed 7424K, reserved 1056768K
  class space    used 637K, capacity 656K, committed 768K, reserved 1048576K

Card table byte_map: [0x0000000012360000,0x0000000012570000] byte_map_base: 0x0000000011d60000

Marking Bits: (ParMarkBitMap*) 0x000000005b623c10
 Begin Bits: [0x0000000012ed0000, 0x0000000013ed0000)
 End Bits:   [0x0000000013ed0000, 0x0000000014ed0000)

Polling page: 0x0000000000d90000

CodeCache: size=245760Kb used=9859Kb max_used=9871Kb free=235900Kb
 bounds [0x0000000002fa0000, 0x0000000003950000, 0x0000000011fa0000]
 total_blobs=2465 nmethods=2194 adapters=183
 compilation: enabled

Compilation events (10 events):
Event: 2.751 Thread 0x00000000179ea800 nmethod 2316% 0x00000000038ddbd0 code [0x00000000038ddd20, 0x00000000038dde98]
Event: 2.751 Thread 0x00000000179ea800 2308       4       com.android.dx.rop.code.RegisterSpecSet::equals (106 bytes)
Event: 2.756 Thread 0x00000000179ee000 2320       2       com.android.dx.ssa.MoveParamCombiner$1::visitNonMoveInsn (213 bytes)
Event: 2.758 Thread 0x00000000179ee000 nmethod 2320 0x0000000003944c50 code [0x0000000003944e60, 0x00000000039455e8]
Event: 2.758 Thread 0x00000000179ea800 nmethod 2308 0x0000000003941410 code [0x0000000003941560, 0x0000000003941998]
Event: 2.758 Thread 0x00000000179ea800 2286   !   4       com.android.dx.cf.code.Simulator::simulate (74 bytes)
Event: 2.761 Thread 0x00000000179ee000 2321       3       com.android.dx.cf.iface.StdAttributeList::findNext (85 bytes)
Event: 2.761 Thread 0x00000000179ee000 nmethod 2321 0x0000000003942590 code [0x0000000003942780, 0x0000000003943388]
Event: 2.762 Thread 0x00000000179ea800 nmethod 2286 0x00000000038dd690 code [0x00000000038dd800, 0x00000000038dd9b8]
Event: 2.762 Thread 0x00000000179ea800 2107       4       com.android.dx.ssa.SCCP::simulatePhiBlock (50 bytes)

GC Heap History (10 events):
Event: 0.627 GC heap before
{Heap before GC invocations=1 (full 0):
 PSYoungGen      total 75776K, used 65024K [0x00000000eab00000, 0x00000000eff80000, 0x0000000100000000)
  eden space 65024K, 100% used [0x00000000eab00000,0x00000000eea80000,0x00000000eea80000)
  from space 10752K, 0% used [0x00000000ef500000,0x00000000ef500000,0x00000000eff80000)
  to   space 10752K, 0% used [0x00000000eea80000,0x00000000eea80000,0x00000000ef500000)
 ParOldGen       total 173568K, used 0K [0x00000000c0000000, 0x00000000ca980000, 0x00000000eab00000)
  object space 173568K, 0% used [0x00000000c0000000,0x00000000c0000000,0x00000000ca980000)
 Metaspace       used 6124K, capacity 7000K, committed 7168K, reserved 1056768K
  class space    used 601K, capacity 656K, committed 768K, reserved 1048576K
Event: 0.635 GC heap after
Heap after GC invocations=1 (full 0):
 PSYoungGen      total 75776K, used 10722K [0x00000000eab00000, 0x00000000f3f00000, 0x0000000100000000)
  eden space 65024K, 0% used [0x00000000eab00000,0x00000000eab00000,0x00000000eea80000)
  from space 10752K, 99% used [0x00000000eea80000,0x00000000ef4f8840,0x00000000ef500000)
  to   space 10752K, 0% used [0x00000000f3480000,0x00000000f3480000,0x00000000f3f00000)
 ParOldGen       total 173568K, used 808K [0x00000000c0000000, 0x00000000ca980000, 0x00000000eab00000)
  object space 173568K, 0% used [0x00000000c0000000,0x00000000c00ca1c8,0x00000000ca980000)
 Metaspace       used 6124K, capacity 7000K, committed 7168K, reserved 1056768K
  class space    used 601K, capacity 656K, committed 768K, reserved 1048576K
}
Event: 0.881 GC heap before
{Heap before GC invocations=2 (full 0):
 PSYoungGen      total 75776K, used 75746K [0x00000000eab00000, 0x00000000f3f00000, 0x0000000100000000)
  eden space 65024K, 100% used [0x00000000eab00000,0x00000000eea80000,0x00000000eea80000)
  from space 10752K, 99% used [0x00000000eea80000,0x00000000ef4f8840,0x00000000ef500000)
  to   space 10752K, 0% used [0x00000000f3480000,0x00000000f3480000,0x00000000f3f00000)
 ParOldGen       total 173568K, used 808K [0x00000000c0000000, 0x00000000ca980000, 0x00000000eab00000)
  object space 173568K, 0% used [0x00000000c0000000,0x00000000c00ca1c8,0x00000000ca980000)
 Metaspace       used 6279K, capacity 7064K, committed 7424K, reserved 1056768K
  class space    used 602K, capacity 656K, committed 768K, reserved 1048576K
Event: 0.907 GC heap after
Heap after GC invocations=2 (full 0):
 PSYoungGen      total 140800K, used 10741K [0x00000000eab00000, 0x00000000f3f00000, 0x0000000100000000)
  eden space 130048K, 0% used [0x00000000eab00000,0x00000000eab00000,0x00000000f2a00000)
  from space 10752K, 99% used [0x00000000f3480000,0x00000000f3efd4b0,0x00000000f3f00000)
  to   space 10752K, 0% used [0x00000000f2a00000,0x00000000f2a00000,0x00000000f3480000)
 ParOldGen       total 173568K, used 11741K [0x00000000c0000000, 0x00000000ca980000, 0x00000000eab00000)
  object space 173568K, 6% used [0x00000000c0000000,0x00000000c0b774f8,0x00000000ca980000)
 Metaspace       used 6279K, capacity 7064K, committed 7424K, reserved 1056768K
  class space    used 602K, capacity 656K, committed 768K, reserved 1048576K
}
Event: 1.450 GC heap before
{Heap before GC invocations=3 (full 0):
 PSYoungGen      total 140800K, used 140789K [0x00000000eab00000, 0x00000000f3f00000, 0x0000000100000000)
  eden space 130048K, 100% used [0x00000000eab00000,0x00000000f2a00000,0x00000000f2a00000)
  from space 10752K, 99% used [0x00000000f3480000,0x00000000f3efd4b0,0x00000000f3f00000)
  to   space 10752K, 0% used [0x00000000f2a00000,0x00000000f2a00000,0x00000000f3480000)
 ParOldGen       total 173568K, used 11741K [0x00000000c0000000, 0x00000000ca980000, 0x00000000eab00000)
  object space 173568K, 6% used [0x00000000c0000000,0x00000000c0b774f8,0x00000000ca980000)
 Metaspace       used 6581K, capacity 7192K, committed 7424K, reserved 1056768K
  class space    used 637K, capacity 656K, committed 768K, reserved 1048576K
Event: 1.480 GC heap after
Heap after GC invocations=3 (full 0):
 PSYoungGen      total 140800K, used 10730K [0x00000000eab00000, 0x00000000fbe00000, 0x0000000100000000)
  eden space 130048K, 0% used [0x00000000eab00000,0x00000000eab00000,0x00000000f2a00000)
  from space 10752K, 99% used [0x00000000f2a00000,0x00000000f347abf0,0x00000000f3480000)
  to   space 10752K, 0% used [0x00000000fb380000,0x00000000fb380000,0x00000000fbe00000)
 ParOldGen       total 173568K, used 34839K [0x00000000c0000000, 0x00000000ca980000, 0x00000000eab00000)
  object space 173568K, 20% used [0x00000000c0000000,0x00000000c2205c50,0x00000000ca980000)
 Metaspace       used 6581K, capacity 7192K, committed 7424K, reserved 1056768K
  class space    used 637K, capacity 656K, committed 768K, reserved 1048576K
}
Event: 1.781 GC heap before
{Heap before GC invocations=4 (full 0):
 PSYoungGen      total 140800K, used 140778K [0x00000000eab00000, 0x00000000fbe00000, 0x0000000100000000)
  eden space 130048K, 100% used [0x00000000eab00000,0x00000000f2a00000,0x00000000f2a00000)
  from space 10752K, 99% used [0x00000000f2a00000,0x00000000f347abf0,0x00000000f3480000)
  to   space 10752K, 0% used [0x00000000fb380000,0x00000000fb380000,0x00000000fbe00000)
 ParOldGen       total 173568K, used 34839K [0x00000000c0000000, 0x00000000ca980000, 0x00000000eab00000)
  object space 173568K, 20% used [0x00000000c0000000,0x00000000c2205c50,0x00000000ca980000)
 Metaspace       used 6626K, capacity 7256K, committed 7424K, reserved 1056768K
  class space    used 637K, capacity 656K, committed 768K, reserved 1048576K
Event: 1.806 GC heap after
Heap after GC invocations=4 (full 0):
 PSYoungGen      total 270848K, used 10728K [0x00000000eab00000, 0x00000000fbe00000, 0x0000000100000000)
  eden space 260096K, 0% used [0x00000000eab00000,0x00000000eab00000,0x00000000fa900000)
  from space 10752K, 99% used [0x00000000fb380000,0x00000000fbdfa290,0x00000000fbe00000)
  to   space 10752K, 0% used [0x00000000fa900000,0x00000000fa900000,0x00000000fb380000)
 ParOldGen       total 173568K, used 54166K [0x00000000c0000000, 0x00000000ca980000, 0x00000000eab00000)
  object space 173568K, 31% used [0x00000000c0000000,0x00000000c34e5a08,0x00000000ca980000)
 Metaspace       used 6626K, capacity 7256K, committed 7424K, reserved 1056768K
  class space    used 637K, capacity 656K, committed 768K, reserved 1048576K
}
Event: 2.513 GC heap before
{Heap before GC invocations=5 (full 0):
 PSYoungGen      total 270848K, used 270824K [0x00000000eab00000, 0x00000000fbe00000, 0x0000000100000000)
  eden space 260096K, 100% used [0x00000000eab00000,0x00000000fa900000,0x00000000fa900000)
  from space 10752K, 99% used [0x00000000fb380000,0x00000000fbdfa290,0x00000000fbe00000)
  to   space 10752K, 0% used [0x00000000fa900000,0x00000000fa900000,0x00000000fb380000)
 ParOldGen       total 173568K, used 54166K [0x00000000c0000000, 0x00000000ca980000, 0x00000000eab00000)
  object space 173568K, 31% used [0x00000000c0000000,0x00000000c34e5a08,0x00000000ca980000)
 Metaspace       used 6665K, capacity 7256K, committed 7424K, reserved 1056768K
  class space    used 637K, capacity 656K, committed 768K, reserved 1048576K
Event: 2.545 GC heap after
Heap after GC invocations=5 (full 0):
 PSYoungGen      total 270848K, used 10738K [0x00000000eab00000, 0x0000000100000000, 0x0000000100000000)
  eden space 260096K, 0% used [0x00000000eab00000,0x00000000eab00000,0x00000000fa900000)
  from space 10752K, 99% used [0x00000000fa900000,0x00000000fb37cb90,0x00000000fb380000)
  to   space 54784K, 0% used [0x00000000fca80000,0x00000000fca80000,0x0000000100000000)
 ParOldGen       total 173568K, used 92365K [0x00000000c0000000, 0x00000000ca980000, 0x00000000eab00000)
  object space 173568K, 53% used [0x00000000c0000000,0x00000000c5a33430,0x00000000ca980000)
 Metaspace       used 6665K, capacity 7256K, committed 7424K, reserved 1056768K
  class space    used 637K, capacity 656K, committed 768K, reserved 1048576K
}

Deoptimization events (10 events):
Event: 1.990 Thread 0x0000000017d99800 Uncommon trap: reason=speculate_class_check action=maybe_recompile pc=0x00000000038336f4 method=com.android.dx.ssa.SsaInsn.mapRegisters(Lcom/android/dx/ssa/RegisterMapper;)V @ 31
Event: 1.991 Thread 0x0000000017d99800 Uncommon trap: reason=speculate_class_check action=maybe_recompile pc=0x00000000038336f4 method=com.android.dx.ssa.SsaInsn.mapRegisters(Lcom/android/dx/ssa/RegisterMapper;)V @ 31
Event: 1.997 Thread 0x0000000017d99800 Uncommon trap: reason=speculate_class_check action=maybe_recompile pc=0x00000000038336f4 method=com.android.dx.ssa.SsaInsn.mapRegisters(Lcom/android/dx/ssa/RegisterMapper;)V @ 31
Event: 2.003 Thread 0x0000000017d99800 Uncommon trap: reason=speculate_class_check action=maybe_recompile pc=0x000000000376bc30 method=com.android.dx.ssa.SsaInsn.mapRegisters(Lcom/android/dx/ssa/RegisterMapper;)V @ 31
Event: 2.172 Thread 0x0000000017d99800 Uncommon trap: reason=bimorphic action=maybe_recompile pc=0x0000000003874c70 method=com.android.dx.cf.code.RopperMachine.run(Lcom/android/dx/cf/code/Frame;II)V @ 988
Event: 2.203 Thread 0x0000000017d99800 Uncommon trap: reason=bimorphic action=maybe_recompile pc=0x0000000003874c70 method=com.android.dx.cf.code.RopperMachine.run(Lcom/android/dx/cf/code/Frame;II)V @ 988
Event: 2.400 Thread 0x0000000017d99800 Uncommon trap: reason=bimorphic action=maybe_recompile pc=0x0000000003874c70 method=com.android.dx.cf.code.RopperMachine.run(Lcom/android/dx/cf/code/Frame;II)V @ 988
Event: 2.401 Thread 0x0000000017d99800 Uncommon trap: reason=bimorphic action=maybe_recompile pc=0x0000000003874c70 method=com.android.dx.cf.code.RopperMachine.run(Lcom/android/dx/cf/code/Frame;II)V @ 988
Event: 2.502 Thread 0x0000000017d99800 Uncommon trap: reason=unstable_if action=reinterpret pc=0x00000000038fc414 method=com.android.dx.rop.code.RegisterSpec.equals(ILcom/android/dx/rop/type/TypeBearer;Lcom/android/dx/rop/code/LocalItem;)Z @ 42
Event: 2.756 Thread 0x0000000002ea2800 Uncommon trap: reason=unstable_if action=reinterpret pc=0x000000000344e68c method=com.android.dx.ssa.MoveParamCombiner$1.visitNonMoveInsn(Lcom/android/dx/ssa/NormalSsaInsn;)V @ 27

Classes redefined (0 events):
No events

Internal exceptions (6 events):
Event: 0.032 Thread 0x0000000002ea2800 Exception <a 'java/lang/NoSuchMethodError': Method sun.misc.Unsafe.defineClass(Ljava/lang/String;[BII)Ljava/lang/Class; name or signature does not match> (0x00000000eab07cb0) thrown at [C:\re\workspace\8-2-build-windows-amd64-cygwin\jdk8u172\10810\hotspot
Event: 0.032 Thread 0x0000000002ea2800 Exception <a 'java/lang/NoSuchMethodError': Method sun.misc.Unsafe.prefetchRead(Ljava/lang/Object;J)V name or signature does not match> (0x00000000eab07f98) thrown at [C:\re\workspace\8-2-build-windows-amd64-cygwin\jdk8u172\10810\hotspot\src\share\vm\prim
Event: 1.158 Thread 0x0000000017d99800 Exception <a 'java/lang/ArrayIndexOutOfBoundsException': 18> (0x00000000ef1a4b70) thrown at [C:\re\workspace\8-2-build-windows-amd64-cygwin\jdk8u172\10810\hotspot\src\share\vm\interpreter\interpreterRuntime.cpp, line 366]
Event: 1.158 Thread 0x0000000017d99800 Exception <a 'java/lang/ArrayIndexOutOfBoundsException': 145> (0x00000000ef1a66f0) thrown at [C:\re\workspace\8-2-build-windows-amd64-cygwin\jdk8u172\10810\hotspot\src\share\vm\interpreter\interpreterRuntime.cpp, line 366]
Event: 1.159 Thread 0x0000000017d99800 Exception <a 'java/lang/ArrayIndexOutOfBoundsException'> (0x00000000ef1a79d8) thrown at [C:\re\workspace\8-2-build-windows-amd64-cygwin\jdk8u172\10810\hotspot\src\share\vm\runtime\sharedRuntime.cpp, line 605]
Event: 1.224 Thread 0x0000000017d99800 Implicit null exception at 0x000000000323f122 to 0x000000000323f21a

Events (10 events):
Event: 2.567 Thread 0x0000000017d99800 DEOPT UNPACKING pc=0x0000000002fe7890 sp=0x000000001889e208 mode 0
Event: 2.583 Thread 0x0000000017d99800 DEOPT PACKING pc=0x000000000329dffd sp=0x000000001889e650
Event: 2.583 Thread 0x0000000017d99800 DEOPT UNPACKING pc=0x0000000002fe7890 sp=0x000000001889e3f0 mode 0
Event: 2.651 Thread 0x0000000017d99800 DEOPT PACKING pc=0x000000000329dffd sp=0x000000001889e650
Event: 2.651 Thread 0x0000000017d99800 DEOPT UNPACKING pc=0x0000000002fe7890 sp=0x000000001889e3f0 mode 0
Event: 2.729 Thread 0x0000000002ea2800 DEOPT PACKING pc=0x000000000329dffd sp=0x0000000002dde1f0
Event: 2.729 Thread 0x0000000002ea2800 DEOPT UNPACKING pc=0x0000000002fe7890 sp=0x0000000002dddf90 mode 0
Event: 2.756 Thread 0x0000000002ea2800 Uncommon trap: trap_request=0xffffff65 fr.pc=0x000000000344e68c
Event: 2.756 Thread 0x0000000002ea2800 DEOPT PACKING pc=0x000000000344e68c sp=0x0000000002dde130
Event: 2.756 Thread 0x0000000002ea2800 DEOPT UNPACKING pc=0x0000000002fe583b sp=0x0000000002dde088 mode 2


Dynamic libraries:
0x00007ff72ace0000 - 0x00007ff72ad17000 	C:\Program Files\Java\jdk1.8.0_172\bin\java.exe
0x00007ff808af0000 - 0x00007ff808cd1000 	C:\WINDOWS\SYSTEM32\ntdll.dll
0x00007ff806a10000 - 0x00007ff806ac2000 	C:\WINDOWS\System32\KERNEL32.DLL
0x00007ff805470000 - 0x00007ff8056e3000 	C:\WINDOWS\System32\KERNELBASE.dll
0x00007ff805fb0000 - 0x00007ff806051000 	C:\WINDOWS\System32\ADVAPI32.dll
0x00007ff806970000 - 0x00007ff806a0e000 	C:\WINDOWS\System32\msvcrt.dll
0x00007ff806ad0000 - 0x00007ff806b2b000 	C:\WINDOWS\System32\sechost.dll
0x00007ff806060000 - 0x00007ff806184000 	C:\WINDOWS\System32\RPCRT4.dll
0x00007ff8067e0000 - 0x00007ff806970000 	C:\WINDOWS\System32\USER32.dll
0x00007ff805100000 - 0x00007ff805120000 	C:\WINDOWS\System32\win32u.dll
0x00007ff808400000 - 0x00007ff808428000 	C:\WINDOWS\System32\GDI32.dll
0x00007ff804f60000 - 0x00007ff8050f2000 	C:\WINDOWS\System32\gdi32full.dll
0x00007ff804ec0000 - 0x00007ff804f5f000 	C:\WINDOWS\System32\msvcp_win.dll
0x00007ff805770000 - 0x00007ff80586a000 	C:\WINDOWS\System32\ucrtbase.dll
0x00007ffff68f0000 - 0x00007ffff6b59000 	C:\WINDOWS\WinSxS\amd64_microsoft.windows.common-controls_6595b64144ccf1df_6.0.17134.165_none_fb429645306569ac\COMCTL32.dll
0x00007ff8080d0000 - 0x00007ff8083f3000 	C:\WINDOWS\System32\combase.dll
0x00007ff8056f0000 - 0x00007ff80576a000 	C:\WINDOWS\System32\bcryptPrimitives.dll
0x00007ff805f80000 - 0x00007ff805fad000 	C:\WINDOWS\System32\IMM32.DLL
0x000000005b6b0000 - 0x000000005b782000 	C:\Program Files\Java\jdk1.8.0_172\jre\bin\msvcr100.dll
0x000000005ae00000 - 0x000000005b6a3000 	C:\Program Files\Java\jdk1.8.0_172\jre\bin\server\jvm.dll
0x00007ff806400000 - 0x00007ff806408000 	C:\WINDOWS\System32\PSAPI.DLL
0x00007ffffa5d0000 - 0x00007ffffa5f3000 	C:\WINDOWS\SYSTEM32\WINMM.dll
0x00007ffff8e80000 - 0x00007ffff8e89000 	C:\WINDOWS\SYSTEM32\WSOCK32.dll
0x00007ff802d70000 - 0x00007ff802d7a000 	C:\WINDOWS\SYSTEM32\VERSION.dll
0x00007ff806500000 - 0x00007ff80656c000 	C:\WINDOWS\System32\WS2_32.dll
0x00007ffff9310000 - 0x00007ffff933a000 	C:\WINDOWS\SYSTEM32\winmmbase.dll
0x00007ff805370000 - 0x00007ff8053b9000 	C:\WINDOWS\System32\cfgmgr32.dll
0x000000005adf0000 - 0x000000005adff000 	C:\Program Files\Java\jdk1.8.0_172\jre\bin\verify.dll
0x000000005adc0000 - 0x000000005ade9000 	C:\Program Files\Java\jdk1.8.0_172\jre\bin\java.dll
0x000000005ada0000 - 0x000000005adb6000 	C:\Program Files\Java\jdk1.8.0_172\jre\bin\zip.dll
0x00007ff806c90000 - 0x00007ff8080d0000 	C:\WINDOWS\System32\SHELL32.dll
0x00007ff8061f0000 - 0x00007ff806299000 	C:\WINDOWS\System32\shcore.dll
0x00007ff805870000 - 0x00007ff805f7d000 	C:\WINDOWS\System32\windows.storage.dll
0x00007ff806bd0000 - 0x00007ff806c21000 	C:\WINDOWS\System32\shlwapi.dll
0x00007ff804e80000 - 0x00007ff804e91000 	C:\WINDOWS\System32\kernel.appcore.dll
0x00007ff804ea0000 - 0x00007ff804ebf000 	C:\WINDOWS\System32\profapi.dll
0x00007ff804e30000 - 0x00007ff804e7c000 	C:\WINDOWS\System32\powrprof.dll
0x00007ff804e20000 - 0x00007ff804e2a000 	C:\WINDOWS\System32\FLTLIB.DLL

VM Arguments:
jvm_args: -Xmx1G 
java_command: C:\Program Files (x86)\Android\android-sdk\build-tools\25.0.3\\lib\dx.jar --dex --no-strict --output obj\Debug\android\bin C:\Users\Nathan\source\repos\Operation Update Application\Operation Update Application\obj\Debug\android\bin\classes.zip C:\Program Files (x86)\Microsoft Visual Studio\2017\Community\Common7\IDE\ReferenceAssemblies\Microsoft\Framework\MonoAndroid\v8.1\mono.android.jar obj\Debug\lp\1\jl\arch-core-common.jar obj\Debug\lp\10\jl\bin\classes.jar obj\Debug\lp\11\jl\bin\classes.jar obj\Debug\lp\12\jl\bin\classes.jar obj\Debug\lp\13\jl\bin\classes.jar obj\Debug\lp\14\jl\bin\classes.jar obj\Debug\lp\15\jl\bin\classes.jar obj\Debug\lp\2\jl\arch-lifecycle-common.jar obj\Debug\lp\3\jl\bin\classes.jar obj\Debug\lp\4\jl\bin\classes.jar obj\Debug\lp\6\jl\bin\classes.jar obj\Debug\lp\7\jl\bin\classes.jar obj\Debug\lp\8\jl\bin\classes.jar obj\Debug\lp\9\jl\bin\classes.jar
java_class_path (initial): C:\Program Files (x86)\Android\android-sdk\build-tools\25.0.3\\lib\dx.jar
Launcher Type: SUN_STANDARD

Environment Variables:
JAVA_HOME=C:\Program Files (x86)\Java\jdk1.8.0_172
PATH=C:\Program Files (x86)\Microsoft SDKs\Azure\CLI2\wbin;C:\ProgramData\Oracle\Java\javapath;C:\Program Files (x86)\Intel\iCLS Client\;C:\Program Files\Intel\iCLS Client\;C:\Windows\system32;C:\Windows;C:\Windows\System32\Wbem;C:\Windows\System32\WindowsPowerShell\v1.0\;C:\Program Files\Intel\Intel(R) Management Engine Components\DAL;C:\Program Files (x86)\Intel\Intel(R) Management Engine Components\DAL;C:\Program Files\Intel\Intel(R) Management Engine Components\IPT;C:\Program Files (x86)\Intel\Intel(R) Management Engine Components\IPT;C:\Program Files\Microsoft SQL Server\110\Tools\Binn\;C:\Program Files\Microsoft SQL Server\120\Tools\Binn\;C:\WINDOWS\system32;C:\WINDOWS;C:\WINDOWS\System32\Wbem;C:\WINDOWS\System32\WindowsPowerShell\v1.0\;C:\Program Files (x86)\NVIDIA Corporation\PhysX\Common;C:\Program Files (x86)\Calibre2\;C:\Python27;C:\Program Files (x86)\GtkSharp\2.12\bin;C:\Program Files\Git\cmd;C:\Program Files\TortoiseGit\bin;C:\WINDOWS\System32\OpenSSH\;C:\Program Files\Microsoft SQL Server\130\Tools\Binn\;C:\Program Files\dotnet\;C:\Users\Nathan\AppData\Local\Microsoft\WindowsApps;C:\Users\Nathan\AppData\Local\GitHubDesktop\bin
USERNAME=Nathan
OS=Windows_NT
PROCESSOR_IDENTIFIER=Intel64 Family 6 Model 60 Stepping 3, GenuineIntel



---------------  S Y S T E M  ---------------

OS: Windows 10.0 , 64 bit Build 17134 (10.0.17134.1)

CPU:total 8 (initial active 8) (4 cores per cpu, 2 threads per core) family 6 model 60 stepping 3, cmov, cx8, fxsr, mmx, sse, sse2, sse3, ssse3, sse4.1, sse4.2, popcnt, avx, avx2, aes, clmul, erms, lzcnt, ht, tsc, tscinvbit, bmi1, bmi2

Memory: 4k page, physical 16643688k(5299788k free), swap 19715688k(4732k free)

vm_info: Java HotSpot(TM) 64-Bit Server VM (25.172-b11) for windows-amd64 JRE (1.8.0_172-b11), built on Mar 28 2018 21:21:52 by "java_re" with MS VC++ 10.0 (VS2010)

time: Wed Jul 18 21:39:27 2018
elapsed time: 2 seconds (0d 0h 0m 2s)

